{"A:\\canvestTesting\\spawner\\js\\spawner.js":{"path":"A:\\canvestTesting\\spawner\\js\\spawner.js","statementMap":{"0":{"start":{"line":7,"column":50},"end":{"line":7,"column":151}},"1":{"start":{"line":7,"column":92},"end":{"line":7,"column":149}},"2":{"start":{"line":9,"column":44},"end":{"line":9,"column":315}},"3":{"start":{"line":9,"column":102},"end":{"line":9,"column":110}},"4":{"start":{"line":9,"column":112},"end":{"line":9,"column":167}},"5":{"start":{"line":9,"column":168},"end":{"line":9,"column":199}},"6":{"start":{"line":9,"column":200},"end":{"line":9,"column":254}},"7":{"start":{"line":9,"column":227},"end":{"line":9,"column":254}},"8":{"start":{"line":9,"column":255},"end":{"line":9,"column":313}},"9":{"start":{"line":11,"column":62},"end":{"line":11,"column":131}},"10":{"start":{"line":11,"column":78},"end":{"line":11,"column":131}},"11":{"start":{"line":11,"column":132},"end":{"line":11,"column":193}},"12":{"start":{"line":11,"column":149},"end":{"line":11,"column":193}},"13":{"start":{"line":11,"column":194},"end":{"line":11,"column":213}},"14":{"start":{"line":13,"column":27},"end":{"line":245,"column":3}},"15":{"start":{"line":27,"column":4},"end":{"line":27,"column":35}},"16":{"start":{"line":29,"column":4},"end":{"line":29,"column":19}},"17":{"start":{"line":30,"column":4},"end":{"line":30,"column":25}},"18":{"start":{"line":31,"column":4},"end":{"line":31,"column":26}},"19":{"start":{"line":32,"column":4},"end":{"line":32,"column":28}},"20":{"start":{"line":33,"column":4},"end":{"line":33,"column":28}},"21":{"start":{"line":34,"column":4},"end":{"line":34,"column":27}},"22":{"start":{"line":35,"column":4},"end":{"line":35,"column":27}},"23":{"start":{"line":36,"column":4},"end":{"line":36,"column":24}},"24":{"start":{"line":37,"column":4},"end":{"line":37,"column":21}},"25":{"start":{"line":38,"column":4},"end":{"line":38,"column":26}},"26":{"start":{"line":39,"column":4},"end":{"line":39,"column":22}},"27":{"start":{"line":40,"column":4},"end":{"line":40,"column":47}},"28":{"start":{"line":41,"column":4},"end":{"line":41,"column":43}},"29":{"start":{"line":42,"column":4},"end":{"line":42,"column":27}},"30":{"start":{"line":43,"column":4},"end":{"line":43,"column":26}},"31":{"start":{"line":44,"column":4},"end":{"line":44,"column":38}},"32":{"start":{"line":45,"column":4},"end":{"line":45,"column":38}},"33":{"start":{"line":46,"column":4},"end":{"line":46,"column":111}},"34":{"start":{"line":47,"column":4},"end":{"line":47,"column":62}},"35":{"start":{"line":48,"column":15},"end":{"line":48,"column":55}},"36":{"start":{"line":49,"column":4},"end":{"line":49,"column":68}},"37":{"start":{"line":52,"column":2},"end":{"line":242,"column":6}},"38":{"start":{"line":55,"column":21},"end":{"line":55,"column":114}},"39":{"start":{"line":56,"column":6},"end":{"line":56,"column":31}},"40":{"start":{"line":57,"column":6},"end":{"line":57,"column":41}},"41":{"start":{"line":59,"column":6},"end":{"line":59,"column":73}},"42":{"start":{"line":59,"column":41},"end":{"line":59,"column":73}},"43":{"start":{"line":60,"column":6},"end":{"line":60,"column":31}},"44":{"start":{"line":61,"column":6},"end":{"line":61,"column":28}},"45":{"start":{"line":62,"column":6},"end":{"line":62,"column":24}},"46":{"start":{"line":65,"column":6},"end":{"line":65,"column":659}},"47":{"start":{"line":65,"column":40},"end":{"line":65,"column":195}},"48":{"start":{"line":65,"column":200},"end":{"line":65,"column":659}},"49":{"start":{"line":65,"column":235},"end":{"line":65,"column":393}},"50":{"start":{"line":65,"column":398},"end":{"line":65,"column":659}},"51":{"start":{"line":65,"column":430},"end":{"line":65,"column":586}},"52":{"start":{"line":65,"column":591},"end":{"line":65,"column":659}},"53":{"start":{"line":67,"column":6},"end":{"line":67,"column":33}},"54":{"start":{"line":69,"column":6},"end":{"line":69,"column":37}},"55":{"start":{"line":70,"column":6},"end":{"line":70,"column":22}},"56":{"start":{"line":71,"column":6},"end":{"line":71,"column":35}},"57":{"start":{"line":72,"column":6},"end":{"line":72,"column":36}},"58":{"start":{"line":77,"column":18},"end":{"line":77,"column":117}},"59":{"start":{"line":78,"column":6},"end":{"line":78,"column":28}},"60":{"start":{"line":79,"column":6},"end":{"line":79,"column":39}},"61":{"start":{"line":80,"column":17},"end":{"line":80,"column":46}},"62":{"start":{"line":81,"column":6},"end":{"line":81,"column":83}},"63":{"start":{"line":81,"column":25},"end":{"line":81,"column":50}},"64":{"start":{"line":81,"column":55},"end":{"line":81,"column":83}},"65":{"start":{"line":82,"column":6},"end":{"line":82,"column":28}},"66":{"start":{"line":83,"column":6},"end":{"line":83,"column":143}},"67":{"start":{"line":84,"column":6},"end":{"line":84,"column":35}},"68":{"start":{"line":85,"column":6},"end":{"line":85,"column":19}},"69":{"start":{"line":86,"column":6},"end":{"line":86,"column":32}},"70":{"start":{"line":87,"column":6},"end":{"line":87,"column":30}},"71":{"start":{"line":93,"column":6},"end":{"line":93,"column":41}},"72":{"start":{"line":94,"column":6},"end":{"line":94,"column":41}},"73":{"start":{"line":96,"column":6},"end":{"line":99,"column":7}},"74":{"start":{"line":97,"column":8},"end":{"line":97,"column":44}},"75":{"start":{"line":98,"column":8},"end":{"line":98,"column":29}},"76":{"start":{"line":104,"column":6},"end":{"line":104,"column":102}},"77":{"start":{"line":109,"column":6},"end":{"line":109,"column":28}},"78":{"start":{"line":114,"column":6},"end":{"line":154,"column":7}},"79":{"start":{"line":115,"column":8},"end":{"line":118,"column":9}},"80":{"start":{"line":116,"column":10},"end":{"line":116,"column":45}},"81":{"start":{"line":117,"column":10},"end":{"line":117,"column":34}},"82":{"start":{"line":121,"column":8},"end":{"line":135,"column":9}},"83":{"start":{"line":122,"column":21},"end":{"line":122,"column":61}},"84":{"start":{"line":124,"column":10},"end":{"line":134,"column":11}},"85":{"start":{"line":125,"column":12},"end":{"line":125,"column":46}},"86":{"start":{"line":125,"column":28},"end":{"line":125,"column":46}},"87":{"start":{"line":126,"column":12},"end":{"line":126,"column":67}},"88":{"start":{"line":127,"column":12},"end":{"line":127,"column":82}},"89":{"start":{"line":128,"column":12},"end":{"line":128,"column":48}},"90":{"start":{"line":129,"column":12},"end":{"line":129,"column":35}},"91":{"start":{"line":130,"column":12},"end":{"line":130,"column":19}},"92":{"start":{"line":132,"column":12},"end":{"line":132,"column":48}},"93":{"start":{"line":133,"column":12},"end":{"line":133,"column":106}},"94":{"start":{"line":139,"column":23},"end":{"line":139,"column":42}},"95":{"start":{"line":141,"column":8},"end":{"line":149,"column":9}},"96":{"start":{"line":142,"column":10},"end":{"line":148,"column":11}},"97":{"start":{"line":143,"column":12},"end":{"line":143,"column":31}},"98":{"start":{"line":144,"column":17},"end":{"line":148,"column":11}},"99":{"start":{"line":145,"column":12},"end":{"line":145,"column":29}},"100":{"start":{"line":147,"column":12},"end":{"line":147,"column":64}},"101":{"start":{"line":151,"column":8},"end":{"line":151,"column":49}},"102":{"start":{"line":153,"column":8},"end":{"line":153,"column":77}},"103":{"start":{"line":153,"column":28},"end":{"line":153,"column":77}},"104":{"start":{"line":160,"column":20},"end":{"line":160,"column":49}},"105":{"start":{"line":162,"column":6},"end":{"line":171,"column":7}},"106":{"start":{"line":164,"column":8},"end":{"line":164,"column":95}},"107":{"start":{"line":165,"column":8},"end":{"line":165,"column":92}},"108":{"start":{"line":166,"column":8},"end":{"line":166,"column":93}},"109":{"start":{"line":169,"column":19},"end":{"line":169,"column":84}},"110":{"start":{"line":170,"column":8},"end":{"line":170,"column":51}},"111":{"start":{"line":176,"column":17},"end":{"line":176,"column":46}},"112":{"start":{"line":179,"column":6},"end":{"line":188,"column":7}},"113":{"start":{"line":180,"column":8},"end":{"line":180,"column":34}},"114":{"start":{"line":181,"column":8},"end":{"line":181,"column":36}},"115":{"start":{"line":182,"column":13},"end":{"line":188,"column":7}},"116":{"start":{"line":183,"column":8},"end":{"line":183,"column":34}},"117":{"start":{"line":184,"column":8},"end":{"line":184,"column":35}},"118":{"start":{"line":186,"column":8},"end":{"line":186,"column":35}},"119":{"start":{"line":187,"column":8},"end":{"line":187,"column":35}},"120":{"start":{"line":190,"column":6},"end":{"line":190,"column":58}},"121":{"start":{"line":191,"column":6},"end":{"line":191,"column":71}},"122":{"start":{"line":196,"column":21},"end":{"line":196,"column":55}},"123":{"start":{"line":197,"column":17},"end":{"line":197,"column":47}},"124":{"start":{"line":199,"column":29},"end":{"line":199,"column":34}},"125":{"start":{"line":201,"column":6},"end":{"line":211,"column":7}},"126":{"start":{"line":202,"column":8},"end":{"line":202,"column":57}},"127":{"start":{"line":202,"column":41},"end":{"line":202,"column":57}},"128":{"start":{"line":203,"column":8},"end":{"line":203,"column":31}},"129":{"start":{"line":204,"column":13},"end":{"line":211,"column":7}},"130":{"start":{"line":205,"column":8},"end":{"line":205,"column":64}},"131":{"start":{"line":205,"column":41},"end":{"line":205,"column":64}},"132":{"start":{"line":206,"column":8},"end":{"line":206,"column":24}},"133":{"start":{"line":207,"column":13},"end":{"line":211,"column":7}},"134":{"start":{"line":208,"column":8},"end":{"line":208,"column":28}},"135":{"start":{"line":210,"column":8},"end":{"line":210,"column":30}},"136":{"start":{"line":216,"column":6},"end":{"line":216,"column":27}},"137":{"start":{"line":218,"column":6},"end":{"line":220,"column":7}},"138":{"start":{"line":219,"column":8},"end":{"line":219,"column":33}},"139":{"start":{"line":222,"column":6},"end":{"line":224,"column":7}},"140":{"start":{"line":223,"column":8},"end":{"line":223,"column":31}},"141":{"start":{"line":229,"column":6},"end":{"line":229,"column":48}},"142":{"start":{"line":230,"column":6},"end":{"line":230,"column":35}},"143":{"start":{"line":235,"column":6},"end":{"line":235,"column":25}},"144":{"start":{"line":240,"column":6},"end":{"line":240,"column":24}},"145":{"start":{"line":244,"column":2},"end":{"line":244,"column":17}}},"fnMap":{"0":{"name":"_classCallCheck","decl":{"start":{"line":7,"column":9},"end":{"line":7,"column":24}},"loc":{"start":{"line":7,"column":48},"end":{"line":7,"column":153}},"line":7},"1":{"name":"_defineProperties","decl":{"start":{"line":9,"column":9},"end":{"line":9,"column":26}},"loc":{"start":{"line":9,"column":42},"end":{"line":9,"column":317}},"line":9},"2":{"name":"_createClass","decl":{"start":{"line":11,"column":9},"end":{"line":11,"column":21}},"loc":{"start":{"line":11,"column":60},"end":{"line":11,"column":215}},"line":11},"3":{"name":"(anonymous_3)","decl":{"start":{"line":13,"column":27},"end":{"line":13,"column":28}},"loc":{"start":{"line":13,"column":39},"end":{"line":245,"column":1}},"line":13},"4":{"name":"Spawner","decl":{"start":{"line":26,"column":11},"end":{"line":26,"column":18}},"loc":{"start":{"line":26,"column":24},"end":{"line":50,"column":3}},"line":26},"5":{"name":"buildObstacles","decl":{"start":{"line":54,"column":20},"end":{"line":54,"column":34}},"loc":{"start":{"line":54,"column":62},"end":{"line":73,"column":5}},"line":54},"6":{"name":"buildToken","decl":{"start":{"line":76,"column":20},"end":{"line":76,"column":30}},"loc":{"start":{"line":76,"column":33},"end":{"line":88,"column":5}},"line":76},"7":{"name":"decreaseInterval","decl":{"start":{"line":91,"column":20},"end":{"line":91,"column":36}},"loc":{"start":{"line":91,"column":39},"end":{"line":100,"column":5}},"line":91},"8":{"name":"randomizeInterval","decl":{"start":{"line":103,"column":20},"end":{"line":103,"column":37}},"loc":{"start":{"line":103,"column":40},"end":{"line":105,"column":5}},"line":103},"9":{"name":"setTokenTimer","decl":{"start":{"line":108,"column":20},"end":{"line":108,"column":33}},"loc":{"start":{"line":108,"column":36},"end":{"line":110,"column":5}},"line":108},"10":{"name":"spawn","decl":{"start":{"line":113,"column":20},"end":{"line":113,"column":25}},"loc":{"start":{"line":113,"column":28},"end":{"line":155,"column":5}},"line":113},"11":{"name":"spawnIron","decl":{"start":{"line":158,"column":20},"end":{"line":158,"column":29}},"loc":{"start":{"line":158,"column":32},"end":{"line":172,"column":5}},"line":158},"12":{"name":"spawnDouble","decl":{"start":{"line":175,"column":20},"end":{"line":175,"column":31}},"loc":{"start":{"line":175,"column":34},"end":{"line":192,"column":5}},"line":175},"13":{"name":"chooseSprite","decl":{"start":{"line":195,"column":20},"end":{"line":195,"column":32}},"loc":{"start":{"line":195,"column":35},"end":{"line":212,"column":5}},"line":195},"14":{"name":"endGame","decl":{"start":{"line":215,"column":20},"end":{"line":215,"column":27}},"loc":{"start":{"line":215,"column":30},"end":{"line":225,"column":5}},"line":215},"15":{"name":"collectToken","decl":{"start":{"line":228,"column":20},"end":{"line":228,"column":32}},"loc":{"start":{"line":228,"column":40},"end":{"line":231,"column":5}},"line":228},"16":{"name":"loseFocus","decl":{"start":{"line":234,"column":20},"end":{"line":234,"column":29}},"loc":{"start":{"line":234,"column":32},"end":{"line":236,"column":5}},"line":234},"17":{"name":"gainFocus","decl":{"start":{"line":239,"column":20},"end":{"line":239,"column":29}},"loc":{"start":{"line":239,"column":32},"end":{"line":241,"column":5}},"line":239}},"branchMap":{"0":{"loc":{"start":{"line":7,"column":50},"end":{"line":7,"column":151}},"type":"if","locations":[{"start":{"line":7,"column":50},"end":{"line":7,"column":151}},{"start":{"line":7,"column":50},"end":{"line":7,"column":151}}],"line":7},"1":{"loc":{"start":{"line":9,"column":136},"end":{"line":9,"column":166}},"type":"binary-expr","locations":[{"start":{"line":9,"column":136},"end":{"line":9,"column":157}},{"start":{"line":9,"column":161},"end":{"line":9,"column":166}}],"line":9},"2":{"loc":{"start":{"line":9,"column":200},"end":{"line":9,"column":254}},"type":"if","locations":[{"start":{"line":9,"column":200},"end":{"line":9,"column":254}},{"start":{"line":9,"column":200},"end":{"line":9,"column":254}}],"line":9},"3":{"loc":{"start":{"line":11,"column":62},"end":{"line":11,"column":131}},"type":"if","locations":[{"start":{"line":11,"column":62},"end":{"line":11,"column":131}},{"start":{"line":11,"column":62},"end":{"line":11,"column":131}}],"line":11},"4":{"loc":{"start":{"line":11,"column":132},"end":{"line":11,"column":193}},"type":"if","locations":[{"start":{"line":11,"column":132},"end":{"line":11,"column":193}},{"start":{"line":11,"column":132},"end":{"line":11,"column":193}}],"line":11},"5":{"loc":{"start":{"line":59,"column":6},"end":{"line":59,"column":73}},"type":"if","locations":[{"start":{"line":59,"column":6},"end":{"line":59,"column":73}},{"start":{"line":59,"column":6},"end":{"line":59,"column":73}}],"line":59},"6":{"loc":{"start":{"line":65,"column":6},"end":{"line":65,"column":659}},"type":"if","locations":[{"start":{"line":65,"column":6},"end":{"line":65,"column":659}},{"start":{"line":65,"column":6},"end":{"line":65,"column":659}}],"line":65},"7":{"loc":{"start":{"line":65,"column":200},"end":{"line":65,"column":659}},"type":"if","locations":[{"start":{"line":65,"column":200},"end":{"line":65,"column":659}},{"start":{"line":65,"column":200},"end":{"line":65,"column":659}}],"line":65},"8":{"loc":{"start":{"line":65,"column":398},"end":{"line":65,"column":659}},"type":"if","locations":[{"start":{"line":65,"column":398},"end":{"line":65,"column":659}},{"start":{"line":65,"column":398},"end":{"line":65,"column":659}}],"line":65},"9":{"loc":{"start":{"line":81,"column":6},"end":{"line":81,"column":83}},"type":"if","locations":[{"start":{"line":81,"column":6},"end":{"line":81,"column":83}},{"start":{"line":81,"column":6},"end":{"line":81,"column":83}}],"line":81},"10":{"loc":{"start":{"line":96,"column":6},"end":{"line":99,"column":7}},"type":"if","locations":[{"start":{"line":96,"column":6},"end":{"line":99,"column":7}},{"start":{"line":96,"column":6},"end":{"line":99,"column":7}}],"line":96},"11":{"loc":{"start":{"line":114,"column":6},"end":{"line":154,"column":7}},"type":"if","locations":[{"start":{"line":114,"column":6},"end":{"line":154,"column":7}},{"start":{"line":114,"column":6},"end":{"line":154,"column":7}}],"line":114},"12":{"loc":{"start":{"line":115,"column":8},"end":{"line":118,"column":9}},"type":"if","locations":[{"start":{"line":115,"column":8},"end":{"line":118,"column":9}},{"start":{"line":115,"column":8},"end":{"line":118,"column":9}}],"line":115},"13":{"loc":{"start":{"line":121,"column":8},"end":{"line":135,"column":9}},"type":"if","locations":[{"start":{"line":121,"column":8},"end":{"line":135,"column":9}},{"start":{"line":121,"column":8},"end":{"line":135,"column":9}}],"line":121},"14":{"loc":{"start":{"line":124,"column":10},"end":{"line":134,"column":11}},"type":"if","locations":[{"start":{"line":124,"column":10},"end":{"line":134,"column":11}},{"start":{"line":124,"column":10},"end":{"line":134,"column":11}}],"line":124},"15":{"loc":{"start":{"line":124,"column":14},"end":{"line":124,"column":77}},"type":"binary-expr","locations":[{"start":{"line":124,"column":14},"end":{"line":124,"column":30}},{"start":{"line":124,"column":34},"end":{"line":124,"column":77}}],"line":124},"16":{"loc":{"start":{"line":125,"column":12},"end":{"line":125,"column":46}},"type":"if","locations":[{"start":{"line":125,"column":12},"end":{"line":125,"column":46}},{"start":{"line":125,"column":12},"end":{"line":125,"column":46}}],"line":125},"17":{"loc":{"start":{"line":141,"column":8},"end":{"line":149,"column":9}},"type":"if","locations":[{"start":{"line":141,"column":8},"end":{"line":149,"column":9}},{"start":{"line":141,"column":8},"end":{"line":149,"column":9}}],"line":141},"18":{"loc":{"start":{"line":142,"column":10},"end":{"line":148,"column":11}},"type":"if","locations":[{"start":{"line":142,"column":10},"end":{"line":148,"column":11}},{"start":{"line":142,"column":10},"end":{"line":148,"column":11}}],"line":142},"19":{"loc":{"start":{"line":144,"column":17},"end":{"line":148,"column":11}},"type":"if","locations":[{"start":{"line":144,"column":17},"end":{"line":148,"column":11}},{"start":{"line":144,"column":17},"end":{"line":148,"column":11}}],"line":144},"20":{"loc":{"start":{"line":153,"column":8},"end":{"line":153,"column":77}},"type":"if","locations":[{"start":{"line":153,"column":8},"end":{"line":153,"column":77}},{"start":{"line":153,"column":8},"end":{"line":153,"column":77}}],"line":153},"21":{"loc":{"start":{"line":162,"column":6},"end":{"line":171,"column":7}},"type":"if","locations":[{"start":{"line":162,"column":6},"end":{"line":171,"column":7}},{"start":{"line":162,"column":6},"end":{"line":171,"column":7}}],"line":162},"22":{"loc":{"start":{"line":179,"column":6},"end":{"line":188,"column":7}},"type":"if","locations":[{"start":{"line":179,"column":6},"end":{"line":188,"column":7}},{"start":{"line":179,"column":6},"end":{"line":188,"column":7}}],"line":179},"23":{"loc":{"start":{"line":182,"column":13},"end":{"line":188,"column":7}},"type":"if","locations":[{"start":{"line":182,"column":13},"end":{"line":188,"column":7}},{"start":{"line":182,"column":13},"end":{"line":188,"column":7}}],"line":182},"24":{"loc":{"start":{"line":201,"column":6},"end":{"line":211,"column":7}},"type":"if","locations":[{"start":{"line":201,"column":6},"end":{"line":211,"column":7}},{"start":{"line":201,"column":6},"end":{"line":211,"column":7}}],"line":201},"25":{"loc":{"start":{"line":202,"column":8},"end":{"line":202,"column":57}},"type":"if","locations":[{"start":{"line":202,"column":8},"end":{"line":202,"column":57}},{"start":{"line":202,"column":8},"end":{"line":202,"column":57}}],"line":202},"26":{"loc":{"start":{"line":204,"column":13},"end":{"line":211,"column":7}},"type":"if","locations":[{"start":{"line":204,"column":13},"end":{"line":211,"column":7}},{"start":{"line":204,"column":13},"end":{"line":211,"column":7}}],"line":204},"27":{"loc":{"start":{"line":205,"column":8},"end":{"line":205,"column":64}},"type":"if","locations":[{"start":{"line":205,"column":8},"end":{"line":205,"column":64}},{"start":{"line":205,"column":8},"end":{"line":205,"column":64}}],"line":205},"28":{"loc":{"start":{"line":207,"column":13},"end":{"line":211,"column":7}},"type":"if","locations":[{"start":{"line":207,"column":13},"end":{"line":211,"column":7}},{"start":{"line":207,"column":13},"end":{"line":211,"column":7}}],"line":207},"29":{"loc":{"start":{"line":207,"column":17},"end":{"line":207,"column":51}},"type":"binary-expr","locations":[{"start":{"line":207,"column":17},"end":{"line":207,"column":34}},{"start":{"line":207,"column":38},"end":{"line":207,"column":51}}],"line":207}},"s":{"0":1,"1":0,"2":1,"3":13,"4":13,"5":13,"6":13,"7":13,"8":13,"9":1,"10":1,"11":1,"12":0,"13":1,"14":1,"15":1,"16":1,"17":1,"18":1,"19":1,"20":1,"21":1,"22":1,"23":1,"24":1,"25":1,"26":1,"27":1,"28":0,"29":0,"30":0,"31":0,"32":0,"33":0,"34":0,"35":0,"36":0,"37":1,"38":0,"39":0,"40":0,"41":0,"42":0,"43":0,"44":0,"45":0,"46":0,"47":0,"48":0,"49":0,"50":0,"51":0,"52":0,"53":0,"54":0,"55":0,"56":0,"57":0,"58":0,"59":0,"60":0,"61":0,"62":0,"63":0,"64":0,"65":0,"66":0,"67":0,"68":0,"69":0,"70":0,"71":0,"72":0,"73":0,"74":0,"75":0,"76":0,"77":0,"78":0,"79":0,"80":0,"81":0,"82":0,"83":0,"84":0,"85":0,"86":0,"87":0,"88":0,"89":0,"90":0,"91":0,"92":0,"93":0,"94":0,"95":0,"96":0,"97":0,"98":0,"99":0,"100":0,"101":0,"102":0,"103":0,"104":0,"105":0,"106":0,"107":0,"108":0,"109":0,"110":0,"111":0,"112":0,"113":0,"114":0,"115":0,"116":0,"117":0,"118":0,"119":0,"120":0,"121":0,"122":0,"123":0,"124":0,"125":0,"126":0,"127":0,"128":0,"129":0,"130":0,"131":0,"132":0,"133":0,"134":0,"135":0,"136":0,"137":0,"138":0,"139":0,"140":0,"141":0,"142":0,"143":0,"144":0,"145":1},"f":{"0":1,"1":1,"2":1,"3":1,"4":1,"5":0,"6":0,"7":0,"8":0,"9":0,"10":0,"11":0,"12":0,"13":0,"14":0,"15":0,"16":0,"17":0},"b":{"0":[0,1],"1":[13,13],"2":[13,0],"3":[1,0],"4":[0,1],"5":[0,0],"6":[0,0],"7":[0,0],"8":[0,0],"9":[0,0],"10":[0,0],"11":[0,0],"12":[0,0],"13":[0,0],"14":[0,0],"15":[0,0],"16":[0,0],"17":[0,0],"18":[0,0],"19":[0,0],"20":[0,0],"21":[0,0],"22":[0,0],"23":[0,0],"24":[0,0],"25":[0,0],"26":[0,0],"27":[0,0],"28":[0,0],"29":[0,0]},"inputSourceMap":{"version":3,"sources":["A:/canvestTesting/spawner/js/spawner.js"],"names":["Spawner","app","interval","intDecAmt","intRangeMax","intRangeMin","smallestInt","firstSpawn","obstacles","tokens","gameOver","focus","walkingLevel","HEIGHT","jumpLevel","tokenTime","rangeMin","obstScale","SCALE","tokenScale","ironRandScale","window","groundLevel","ironRandAdd","rand","Math","floor","random","setTimeout","setTokenTimer","bind","xOffset","posy","spriteName","obstacle","PIXI","AnimatedSprite","loader","resources","obSheet","spritesheet","animations","anchor","set","scale","x","WIDTH","y","hitArea","Rectangle","width","height","calculateBounds","animationSpeed","play","container","addChild","push","token","tokenSheet","startTime","performance","now","buildToken","spawn","clearTimeout","tokenTimeoutHold","obstName","chooseSprite","spawnDouble","spawnIron","buildObstacles","randomizeInterval","pattern","yPos","nameLeft","nameRight","currTime","switchDifficulty","i","length","stop","index","removeChild","splice"],"mappings":";;;;;;;;;;;;IAAqBA,O;AAEjB;AACA;AACA;AACA;AACA;AACA;AAEA;AACA;AACA;AACA;AAEA;AAEA;AAIA,mBAAYC,GAAZ,EAAiB;AAAA;;AACb,SAAKA,GAAL,GAAWA,GAAX;AAEA,SAAKC,QAAL,GAAgB,IAAhB;AACA,SAAKC,SAAL,GAAiB,IAAjB;AACA,SAAKC,WAAL,GAAmB,IAAnB;AACA,SAAKC,WAAL,GAAmB,IAAnB;AACA,SAAKC,WAAL,GAAmB,GAAnB;AAEA,SAAKC,UAAL,GAAkB,IAAlB;AAEA,SAAKC,SAAL,GAAiB,EAAjB;AACA,SAAKC,MAAL,GAAc,EAAd;AAEA,SAAKC,QAAL,GAAgB,KAAhB;AACA,SAAKC,KAAL,GAAa,IAAb;AAEA,SAAKC,YAAL,GAAoBC,MAAM,GAAIA,MAAM,GAAG,IAAvC;AACA,SAAKC,SAAL,GAAiBD,MAAM,GAAIA,MAAM,GAAG,GAApC;AACA,SAAKE,SAAL,GAAiB,KAAjB;AACA,SAAKC,QAAL,GAAgB,KAAhB;AAEA,SAAKC,SAAL,GAAiBC,KAAK,GAAG,CAAR,GAAY,IAA7B;AACA,SAAKC,UAAL,GAAkBD,KAAK,GAAG,CAAR,GAAY,GAA9B;AACA,SAAKE,aAAL,GAAsBC,MAAM,CAACC,WAAP,GAAqB,CAArB,GAAyBT,MAAM,GAAG,KAAnC,IAA6CQ,MAAM,CAACC,WAAP,GAAqB,CAArB,GAAyBT,MAAM,GAAG,GAA/E,IAAsF,CAA3G;AACA,SAAKU,WAAL,GAAmBF,MAAM,CAACC,WAAP,GAAqB,CAArB,GAAyBT,MAAM,GAAG,IAArD;AAEA,QAAIW,IAAI,GAAGC,IAAI,CAACC,KAAL,CAAWD,IAAI,CAACE,MAAL,MAAiB,KAAK,CAAtB,CAAX,IAAuC,CAAlD;AACAC,IAAAA,UAAU,CAAC,KAAKC,aAAL,CAAmBC,IAAnB,CAAwB,IAAxB,CAAD,EAAgC,KAAK5B,QAAL,GAAgBsB,IAAhD,CAAV;AACH;;;;mCAEcO,O,EAASC,I,EAAMC,U,EAAY;AACtC,UAAIC,QAAQ,GAAG,IAAIC,IAAI,CAACC,cAAT,CAAwB,KAAKnC,GAAL,CAASoC,MAAT,CAAgBC,SAAhB,CAA0BC,OAA1B,CAAkCC,WAAlC,CAA8CC,UAA9C,CAAyDR,UAAzD,CAAxB,CAAf;AAEAC,MAAAA,QAAQ,CAACQ,MAAT,CAAgBC,GAAhB,CAAoB,GAApB;AACAT,MAAAA,QAAQ,CAACU,KAAT,CAAeD,GAAf,CAAmB,KAAK1B,SAAxB,EAJsC,CAKtC;;AACA,UAAIgB,UAAU,IAAI,eAAlB,EAAmCC,QAAQ,CAACQ,MAAT,CAAgBC,GAAhB,CAAoB,GAApB,EAAyB,KAAzB;AAEnCT,MAAAA,QAAQ,CAACW,CAAT,GAAaC,KAAK,GAAG,GAArB;AACAZ,MAAAA,QAAQ,CAACW,CAAT,IAAcd,OAAd;AACAG,MAAAA,QAAQ,CAACa,CAAT,GAAaf,IAAb,CAVsC,CAWtC;AAEA;;AACA,UAAIC,UAAU,IAAI,cAAlB,EAAkCC,QAAQ,CAACc,OAAT,GAAmB,IAAIb,IAAI,CAACc,SAAT,CAAmBf,QAAQ,CAACW,CAAT,GAAcX,QAAQ,CAACgB,KAAT,GAAiB,IAAlD,EAAyDhB,QAAQ,CAACa,CAAT,GAAcb,QAAQ,CAACiB,MAAT,GAAkB,IAAzF,EAAgGjB,QAAQ,CAACgB,KAAT,GAAiB,EAAjH,EAAqHhB,QAAQ,CAACiB,MAAT,GAAkB,GAAvI,CAAnB,CAAlC,KACK,IAAIlB,UAAU,IAAI,eAAlB,EAAmCC,QAAQ,CAACc,OAAT,GAAmB,IAAIb,IAAI,CAACc,SAAT,CAAmBf,QAAQ,CAACW,CAAT,GAAaX,QAAQ,CAACgB,KAAT,GAAiB,IAAjD,EAAuDhB,QAAQ,CAACa,CAAT,GAAcb,QAAQ,CAACiB,MAAT,GAAkB,IAAvF,EAA8FjB,QAAQ,CAACgB,KAAT,GAAiB,IAA/G,EAAqHhB,QAAQ,CAACiB,MAAT,GAAkB,IAAvI,CAAnB,CAAnC,KACA,IAAIlB,UAAU,IAAI,YAAlB,EAAgCC,QAAQ,CAACc,OAAT,GAAmB,IAAIb,IAAI,CAACc,SAAT,CAAmBf,QAAQ,CAACW,CAAT,GAAcX,QAAQ,CAACgB,KAAT,GAAiB,IAAlD,EAAyDhB,QAAQ,CAACa,CAAT,GAAcb,QAAQ,CAACiB,MAAT,GAAkB,IAAzF,EAAgGjB,QAAQ,CAACgB,KAAT,GAAiB,GAAjH,EAAsHhB,QAAQ,CAACiB,MAAT,GAAkB,GAAxI,CAAnB,CAAhC,KACAjB,QAAQ,CAACc,OAAT,GAAmB,IAAIb,IAAI,CAACc,SAAT,CAAmBf,QAAQ,CAACW,CAA5B,EAA+BX,QAAQ,CAACa,CAAxC,EAA2C,CAA3C,EAA8C,CAA9C,CAAnB,CAjBiC,CAkBtC;;AAEAb,MAAAA,QAAQ,CAACkB,eAAT,GApBsC,CAqBtC;;AAEAlB,MAAAA,QAAQ,CAACmB,cAAT,GAA0B,IAA1B;AACAnB,MAAAA,QAAQ,CAACoB,IAAT;AACAC,MAAAA,SAAS,CAACC,QAAV,CAAmBtB,QAAnB;AACA,WAAK1B,SAAL,CAAeiD,IAAf,CAAoBvB,QAApB;AAEH;;;iCAEY;AACT,UAAIwB,KAAK,GAAG,IAAIvB,IAAI,CAACC,cAAT,CAAwB,KAAKnC,GAAL,CAASoC,MAAT,CAAgBC,SAAhB,CAA0BqB,UAA1B,CAAqCnB,WAArC,CAAiDC,UAAjD,CAA4D,aAA5D,CAAxB,CAAZ;AAEAiB,MAAAA,KAAK,CAAChB,MAAN,CAAaC,GAAb,CAAiB,GAAjB;AACAe,MAAAA,KAAK,CAACd,KAAN,CAAYD,GAAZ,CAAgB,KAAKxB,UAArB;AACA,UAAMK,IAAI,GAAGC,IAAI,CAACC,KAAL,CAAWD,IAAI,CAACE,MAAL,KAAgB,CAA3B,CAAb;AACA,UAAIH,IAAI,GAAG,CAAP,IAAY,CAAhB,EAAmBkC,KAAK,CAACX,CAAN,GAAU,KAAKjC,SAAf,CAAnB,KACK4C,KAAK,CAACX,CAAN,GAAU,KAAKnC,YAAf;AACL8C,MAAAA,KAAK,CAACb,CAAN,GAAUC,KAAK,GAAG,GAAlB;AAEAY,MAAAA,KAAK,CAACV,OAAN,GAAgB,IAAIb,IAAI,CAACc,SAAT,CAAmBS,KAAK,CAACb,CAAN,GAAWa,KAAK,CAACR,KAAN,GAAc,IAA5C,EAAmDQ,KAAK,CAACX,CAAN,GAAWW,KAAK,CAACP,MAAN,GAAe,IAA7E,EAAoFO,KAAK,CAACR,KAAN,GAAc,IAAlG,EAAwGQ,KAAK,CAACP,MAAN,GAAe,IAAvH,CAAhB;AAEAO,MAAAA,KAAK,CAACL,cAAN,GAAuB,KAAvB;AACAK,MAAAA,KAAK,CAACJ,IAAN;AACAC,MAAAA,SAAS,CAACC,QAAV,CAAmBE,KAAnB;AAEA,WAAKjD,MAAL,CAAYgD,IAAZ,CAAiBC,KAAjB;AACH;;;uCAEkB;AACf;AACA,WAAKtD,WAAL,IAAoB,KAAKD,SAAzB;AACA,WAAKE,WAAL,IAAoB,KAAKF,SAAzB,CAHe,CAKf;;AACA,UAAI,KAAKE,WAAL,IAAoB,KAAKC,WAA7B,EAA0C;AACtC,aAAKD,WAAL,GAAmB,KAAKC,WAAxB;AACA,aAAKU,QAAL,GAAgB,IAAhB;AACH;AACJ;;;wCAEmB;AAChB,aAAQS,IAAI,CAACC,KAAL,CAAWD,IAAI,CAACE,MAAL,MAAiB,KAAKvB,WAAL,GAAmB,KAAKC,WAAxB,GAAsC,CAAvD,CAAX,IAAwE,KAAKA,WAArF;AACH;;;oCAEe;AACZ,WAAKU,SAAL,GAAiB,IAAjB;AACH;;;4BAEO;AACJ,UAAI,CAAC,KAAKL,QAAV,EAAoB;AAChB,YAAI,KAAKH,UAAT,EAAqB;AACjB,eAAKqD,SAAL,GAAiBC,WAAW,CAACC,GAAZ,EAAjB;AACA,eAAKvD,UAAL,GAAkB,KAAlB;AACH,SAJe,CAKhB;;;AACA,YAAI,KAAKQ,SAAT,EAAoB;AAChB,cAAIS,IAAI,GAAGC,IAAI,CAACC,KAAL,CAAWD,IAAI,CAACE,MAAL,MAAiB,KAAK,CAAtB,CAAX,IAAuC,CAAlD;;AACA,cAAI,CAAC,KAAKpB,UAAN,IAAqBsD,WAAW,CAACC,GAAZ,KAAoB,KAAKF,SAAzB,IAAsC,KAA/D,EAAuE;AACnE,gBAAI,KAAKjD,KAAT,EAAgB,KAAKoD,UAAL;AAChBnC,YAAAA,UAAU,CAAC,KAAKoC,KAAL,CAAWlC,IAAX,CAAgB,IAAhB,CAAD,EAAwB,KAAK5B,QAAL,GAAgB,GAAxC,CAAV;AACA0B,YAAAA,UAAU,CAAC,KAAKC,aAAL,CAAmBC,IAAnB,CAAwB,IAAxB,CAAD,EAAgC,KAAK5B,QAAL,GAAgBsB,IAAhB,GAAuB,GAAvD,CAAV;AACAyC,YAAAA,YAAY,CAAC,KAAKC,gBAAN,CAAZ;AACA,iBAAKnD,SAAL,GAAiB,KAAjB;AACA;AACH,WAPD,MAQK;AACDkD,YAAAA,YAAY,CAAC,KAAKC,gBAAN,CAAZ;AACA,iBAAKA,gBAAL,GAAwBtC,UAAU,CAAC,KAAKC,aAAL,CAAmBC,IAAnB,CAAwB,IAAxB,CAAD,EAAgC,KAAK5B,QAAL,GAAgBsB,IAAhB,GAAuB,GAAvD,CAAlC;AACH;AACJ,SApBe,CAsBhB;AACA;;;AACA,YAAM2C,QAAQ,GAAG,KAAKC,YAAL,EAAjB;;AAEA,YAAI,KAAKzD,KAAT,EAAgB;AACZ,cAAIwD,QAAQ,KAAK,QAAjB,EAA2B;AACvB,iBAAKE,WAAL;AACH,WAFD,MAEO,IAAIF,QAAQ,IAAI,YAAhB,EAA8B;AACjC,iBAAKG,SAAL;AACH,WAFM,MAEA;AACH,iBAAKC,cAAL,CAAoB,CAApB,EAAuB,KAAK3D,YAA5B,EAA0CuD,QAA1C;AACH;AACJ;;AAED,aAAKjE,QAAL,GAAgB,KAAKsE,iBAAL,EAAhB,CApCgB,CAsChB;;AACA,YAAI,CAAC,KAAK9D,QAAV,EACIkB,UAAU,CAAC,KAAKoC,KAAL,CAAWlC,IAAX,CAAgB,IAAhB,CAAD,EAAwB,KAAK5B,QAA7B,CAAV;AACP;AACJ;;;gCAEW;AACR;AACA,UAAMuE,OAAO,GAAGhD,IAAI,CAACC,KAAL,CAAWD,IAAI,CAACE,MAAL,KAAgB,CAA3B,CAAhB;;AACA,UAAI8C,OAAO,KAAK,CAAhB,EAAmB;AAAE;AACjB,aAAKF,cAAL,CAAoB,MAAMrD,KAA1B,EAAiCG,MAAM,CAACC,WAAP,GAAqB,CAArB,GAAyBT,MAAM,GAAG,IAAnE,EAAyE,YAAzE;AACA,aAAK0D,cAAL,CAAoB,IAAIrD,KAAxB,EAA+BG,MAAM,CAACC,WAAP,GAAqB,CAArB,GAAyBT,MAAM,GAAG,GAAjE,EAAsE,YAAtE;AACA,aAAK0D,cAAL,CAAoB,KAAKrD,KAAzB,EAAgCG,MAAM,CAACC,WAAP,GAAqB,CAArB,GAAyBT,MAAM,GAAG,GAAlE,EAAuE,YAAvE;AACH,OAJD,MAKK;AAAE;AACH,YAAI6D,IAAI,GAAGjD,IAAI,CAACC,KAAL,CAAWD,IAAI,CAACE,MAAL,KAAgB,KAAKP,aAAhC,IAAiD,KAAKG,WAAjE;AACA,aAAKgD,cAAL,CAAoB,CAApB,EAAuBG,IAAvB,EAA6B,YAA7B;AACH;AACJ;;;kCAEa;AACV,UAAMlD,IAAI,GAAGC,IAAI,CAACC,KAAL,CAAWD,IAAI,CAACE,MAAL,KAAgB,CAA3B,CAAb;AACA,UAAIgD,QAAJ,EAAcC,SAAd;;AAEA,UAAIpD,IAAI,GAAG,CAAP,IAAY,CAAhB,EAAmB;AACfmD,QAAAA,QAAQ,GAAG,cAAX;AACAC,QAAAA,SAAS,GAAG,eAAZ;AACH,OAHD,MAGO,IAAIpD,IAAI,GAAG,CAAP,IAAY,CAAhB,EAAmB;AACtBmD,QAAAA,QAAQ,GAAG,cAAX;AACAC,QAAAA,SAAS,GAAG,cAAZ;AACH,OAHM,MAGA;AACHD,QAAAA,QAAQ,GAAG,eAAX;AACAC,QAAAA,SAAS,GAAG,cAAZ;AACH;;AACD,WAAKL,cAAL,CAAoB,CAApB,EAAuB,KAAK3D,YAA5B,EAA0C+D,QAA1C;AACA,WAAKJ,cAAL,CAAqBzB,KAAK,GAAG,KAA7B,EAAqC,KAAKlC,YAA1C,EAAwDgE,SAAxD;AACH;;;mCAEc;AACX,UAAIC,QAAQ,GAAGhB,WAAW,CAACC,GAAZ,KAAoB,KAAKF,SAAxC;AACA,UAAMpC,IAAI,GAAGC,IAAI,CAACC,KAAL,CAAWD,IAAI,CAACE,MAAL,KAAgB,EAA3B,CAAb,CAFW,CAEkC;;AAC7C,UAAMmD,gBAAgB,GAAG,KAAzB,CAHW,CAKX;;AACA,UAAItD,IAAI,GAAG,CAAP,IAAY,CAAhB,EAAmB;AACf,YAAIqD,QAAQ,GAAGC,gBAAf,EAAiC,OAAO,QAAP;AACjC,eAAO,eAAP;AACH,OAHD,MAGO,IAAItD,IAAI,GAAG,CAAP,IAAY,CAAhB,EAAmB;AACtB,YAAIqD,QAAQ,GAAGC,gBAAf,EAAiC,OAAO,eAAP;AACjC,eAAO,QAAP;AACH,OAHM,MAGA,IAAID,QAAQ,IAAI,KAAZ,IAAqBrD,IAAI,GAAG,CAAP,IAAY,CAArC,EAAwC;AAC3C,eAAO,YAAP;AACH,OAFM,MAGF;AACD,eAAO,cAAP;AACH;AACJ;;;8BAES;AACN,WAAKd,QAAL,GAAgB,IAAhB;;AACA,WAAK,IAAIqE,CAAC,GAAG,CAAb,EAAgBA,CAAC,GAAG,KAAKvE,SAAL,CAAewE,MAAnC,EAA2CD,CAAC,EAA5C,EAAgD;AAC5C,aAAKvE,SAAL,CAAeuE,CAAf,EAAkBE,IAAlB;AACH;;AACD,WAAK,IAAIF,EAAC,GAAG,CAAb,EAAgBA,EAAC,GAAG,KAAKtE,MAAL,CAAYuE,MAAhC,EAAwCD,EAAC,EAAzC,EAA6C;AACzC,aAAKtE,MAAL,CAAYsE,EAAZ,EAAeE,IAAf;AACH;AACJ;;;iCAEYC,K,EAAO;AAChB3B,MAAAA,SAAS,CAAC4B,WAAV,CAAsB,KAAK1E,MAAL,CAAYyE,KAAZ,CAAtB;AACA,WAAKzE,MAAL,CAAY2E,MAAZ,CAAmBF,KAAnB,EAA0B,CAA1B;AACH;;;gCAEW;AACR,WAAKvE,KAAL,GAAa,KAAb;AACH;;;gCAEW;AACR,WAAKA,KAAL,GAAa,IAAb;AACH;;;;;;SA9OgBX,O","sourcesContent":["export default class Spawner {\r\n    \r\n    // rangeMin;\r\n    // tokenTime;\r\n    // app;\r\n    // walkingLevel;\r\n    // jumpLevel;\r\n    // test;\r\n\r\n    // obstScale;\r\n    // tokenScale;\r\n    // ironRandScale;\r\n    // ironRandAdd;\r\n\r\n    // tokenTimeoutHold;\r\n\r\n    // startTime;\r\n    \r\n\r\n\r\n    constructor(app) {\r\n        this.app = app;\r\n\r\n        this.interval = 1100;\r\n        this.intDecAmt = 0.85;\r\n        this.intRangeMax = 2500;\r\n        this.intRangeMin = 1100;\r\n        this.smallestInt = 200;\r\n\r\n        this.firstSpawn = true;\r\n\r\n        this.obstacles = [];\r\n        this.tokens = [];\r\n\r\n        this.gameOver = false;\r\n        this.focus = true;\r\n\r\n        this.walkingLevel = HEIGHT - (HEIGHT * 0.25);\r\n        this.jumpLevel = HEIGHT - (HEIGHT * 0.6);\r\n        this.tokenTime = false;\r\n        this.rangeMin = false;\r\n\r\n        this.obstScale = SCALE * 1 / 2.41;\r\n        this.tokenScale = SCALE * 1 / 2.6;\r\n        this.ironRandScale = (window.groundLevel / 2 + HEIGHT * 0.135) - (window.groundLevel / 2 + HEIGHT * 0.4) + 1;\r\n        this.ironRandAdd = window.groundLevel / 2 + HEIGHT * 0.32;\r\n\r\n        let rand = Math.floor(Math.random() * (10 - 5)) + 4;\r\n        setTimeout(this.setTokenTimer.bind(this), this.interval * rand);\r\n    }\r\n\r\n    buildObstacles(xOffset, posy, spriteName) {\r\n        var obstacle = new PIXI.AnimatedSprite(this.app.loader.resources.obSheet.spritesheet.animations[spriteName]);\r\n\r\n        obstacle.anchor.set(0.5);\r\n        obstacle.scale.set(this.obstScale);\r\n        //the laundry sprite doesn't line up well with the washer one, so offset it a bit\r\n        if (spriteName == \"laundrySprite\") obstacle.anchor.set(0.5, 0.438);\r\n\r\n        obstacle.x = WIDTH * 1.1;\r\n        obstacle.x += xOffset;\r\n        obstacle.y = posy;\r\n        //console.log(obstacle.getBounds());\r\n\r\n        //Calculate hit boxes based on which sprite is spawned\r\n        if (spriteName == \"washerSprite\") obstacle.hitArea = new PIXI.Rectangle(obstacle.x - (obstacle.width * 0.40), obstacle.y - (obstacle.height * 0.38), obstacle.width * .7, obstacle.height * .53);\r\n        else if (spriteName == \"laundrySprite\") obstacle.hitArea = new PIXI.Rectangle(obstacle.x - obstacle.width * 0.40, obstacle.y - (obstacle.height * 0.01), obstacle.width * 0.68, obstacle.height * 0.53);\r\n        else if (spriteName == \"ironSprite\") obstacle.hitArea = new PIXI.Rectangle(obstacle.x - (obstacle.width * 0.44), obstacle.y - (obstacle.height * 0.29), obstacle.width * 0.8, obstacle.height * 0.2);\r\n        else obstacle.hitArea = new PIXI.Rectangle(obstacle.x, obstacle.y, 0, 0);\r\n        //console.log(obstacle.hitArea.y);\r\n\r\n        obstacle.calculateBounds();\r\n        //console.log(obstacle.getBounds());\r\n\r\n        obstacle.animationSpeed = .125;\r\n        obstacle.play();\r\n        container.addChild(obstacle);\r\n        this.obstacles.push(obstacle);\r\n\r\n    }\r\n\r\n    buildToken() {\r\n        var token = new PIXI.AnimatedSprite(this.app.loader.resources.tokenSheet.spritesheet.animations[\"tokenSprite\"]);\r\n\r\n        token.anchor.set(0.5);\r\n        token.scale.set(this.tokenScale);\r\n        const rand = Math.floor(Math.random() * 6);\r\n        if (rand % 3 == 0) token.y = this.jumpLevel;\r\n        else token.y = this.walkingLevel;\r\n        token.x = WIDTH * 1.1;\r\n\r\n        token.hitArea = new PIXI.Rectangle(token.x - (token.width * 0.25), token.y - (token.height * 0.28), token.width * 0.52, token.height * 0.55);\r\n\r\n        token.animationSpeed = 0.135;\r\n        token.play();\r\n        container.addChild(token);\r\n\r\n        this.tokens.push(token);\r\n    }\r\n\r\n    decreaseInterval() {\r\n        //intDecAmt is the factor you decrease the increment by\r\n        this.intRangeMax *= this.intDecAmt;\r\n        this.intRangeMin *= this.intDecAmt;\r\n\r\n        //smallestInt is the smallest the interval will ever get\r\n        if (this.intRangeMin <= this.smallestInt) {\r\n            this.intRangeMin = this.smallestInt;\r\n            this.rangeMin = true;\r\n        }\r\n    }\r\n\r\n    randomizeInterval() {\r\n        return (Math.floor(Math.random() * (this.intRangeMax - this.intRangeMin + 1)) + this.intRangeMin);\r\n    }\r\n\r\n    setTokenTimer() {\r\n        this.tokenTime = true;\r\n    }\r\n\r\n    spawn() {\r\n        if (!this.gameOver) {\r\n            if (this.firstSpawn) {\r\n                this.startTime = performance.now();\r\n                this.firstSpawn = false;\r\n            }\r\n            //first check if it's time to spawn in a token :D\r\n            if (this.tokenTime) {\r\n                let rand = Math.floor(Math.random() * (10 - 5)) + 4;\r\n                if (!this.firstSpawn && (performance.now() - this.startTime >= 15000)) {\r\n                    if (this.focus) this.buildToken();\r\n                    setTimeout(this.spawn.bind(this), this.interval * 0.5);\r\n                    setTimeout(this.setTokenTimer.bind(this), this.interval * rand * 1.5);\r\n                    clearTimeout(this.tokenTimeoutHold);\r\n                    this.tokenTime = false;\r\n                    return;\r\n                }\r\n                else {\r\n                    clearTimeout(this.tokenTimeoutHold);\r\n                    this.tokenTimeoutHold = setTimeout(this.setTokenTimer.bind(this), this.interval * rand * 1.5);\r\n                }\r\n            }\r\n\r\n            //otherwise we're building a normal obstacle\r\n            //get the name of the obstacle\r\n            const obstName = this.chooseSprite();\r\n\r\n            if (this.focus) {\r\n                if (obstName === \"double\") {\r\n                    this.spawnDouble();\r\n                } else if (obstName == \"ironSprite\") {\r\n                    this.spawnIron();\r\n                } else {\r\n                    this.buildObstacles(0, this.walkingLevel, obstName);\r\n                }\r\n            }\r\n\r\n            this.interval = this.randomizeInterval();\r\n\r\n            //call the next spawn obstacle, with a delay of interval\r\n            if (!this.gameOver)\r\n                setTimeout(this.spawn.bind(this), this.interval);\r\n        }\r\n    }\r\n\r\n    spawnIron() {\r\n        //randomly pick if the irons will spawn in a V formation or not\r\n        const pattern = Math.floor(Math.random() * 2);\r\n        if (pattern === 0) { //Irons spawn in pattern\r\n            this.buildObstacles(100 * SCALE, window.groundLevel / 2 - HEIGHT * 0.05, \"ironSprite\");\r\n            this.buildObstacles(0 * SCALE, window.groundLevel / 2 + HEIGHT * 0.1, \"ironSprite\");\r\n            this.buildObstacles(85 * SCALE, window.groundLevel / 2 + HEIGHT * 0.2, \"ironSprite\");\r\n        }\r\n        else { //Irons spawn between range that can be jumped over or ducked under\r\n            let yPos = Math.floor(Math.random() * this.ironRandScale) + this.ironRandAdd;\r\n            this.buildObstacles(0, yPos, \"ironSprite\");\r\n        }\r\n    }\r\n\r\n    spawnDouble() {\r\n        const rand = Math.floor(Math.random() * 6);\r\n        let nameLeft, nameRight;\r\n\r\n        if (rand % 2 == 0) {\r\n            nameLeft = \"washerSprite\";\r\n            nameRight = \"laundrySprite\";\r\n        } else if (rand % 5 == 0) {\r\n            nameLeft = \"washerSprite\";\r\n            nameRight = \"washerSprite\";\r\n        } else {\r\n            nameLeft = \"laundrySprite\";\r\n            nameRight = \"washerSprite\";\r\n        }\r\n        this.buildObstacles(0, this.walkingLevel, nameLeft);\r\n        this.buildObstacles((WIDTH * 0.065), this.walkingLevel, nameRight);\r\n    }\r\n\r\n    chooseSprite() {\r\n        let currTime = performance.now() - this.startTime;\r\n        const rand = Math.floor(Math.random() * 25); //set equal to 8 to spawn irons only\r\n        const switchDifficulty = 60000;\r\n\r\n        // %3 is more frequent, so after set time (here, 1 minute) switch so that the harder thing (combined sprites) spawns more frequently\r\n        if (rand % 3 == 0) {\r\n            if (currTime > switchDifficulty) return \"double\";\r\n            return \"laundrySprite\";\r\n        } else if (rand % 5 == 0) {\r\n            if (currTime > switchDifficulty) return \"laundrySprite\";\r\n            return \"double\";\r\n        } else if (currTime >= 20000 && rand % 8 == 0) {\r\n            return \"ironSprite\";\r\n        }\r\n        else {\r\n            return \"washerSprite\";\r\n        }\r\n    }\r\n\r\n    endGame() {\r\n        this.gameOver = true;\r\n        for (let i = 0; i < this.obstacles.length; i++) {\r\n            this.obstacles[i].stop();\r\n        }\r\n        for (let i = 0; i < this.tokens.length; i++) {\r\n            this.tokens[i].stop();\r\n        }\r\n    }\r\n\r\n    collectToken(index) {\r\n        container.removeChild(this.tokens[index]);\r\n        this.tokens.splice(index, 1);\r\n    }\r\n\r\n    loseFocus() {\r\n        this.focus = false;\r\n    }\r\n\r\n    gainFocus() {\r\n        this.focus = true;\r\n    }\r\n}"]},"_coverageSchema":"332fd63041d2c1bcb487cc26dd0d5f7d97098a6c","hash":"9417fe0926e59b0e717e3416ce2e4b97b9200ce3"}}