{"A:\\windowHousesTests\\js\\houseGen.js":{"path":"A:\\windowHousesTests\\js\\houseGen.js","statementMap":{"0":{"start":{"line":7,"column":50},"end":{"line":7,"column":151}},"1":{"start":{"line":7,"column":92},"end":{"line":7,"column":149}},"2":{"start":{"line":9,"column":44},"end":{"line":9,"column":315}},"3":{"start":{"line":9,"column":102},"end":{"line":9,"column":110}},"4":{"start":{"line":9,"column":112},"end":{"line":9,"column":167}},"5":{"start":{"line":9,"column":168},"end":{"line":9,"column":199}},"6":{"start":{"line":9,"column":200},"end":{"line":9,"column":254}},"7":{"start":{"line":9,"column":227},"end":{"line":9,"column":254}},"8":{"start":{"line":9,"column":255},"end":{"line":9,"column":313}},"9":{"start":{"line":11,"column":62},"end":{"line":11,"column":131}},"10":{"start":{"line":11,"column":78},"end":{"line":11,"column":131}},"11":{"start":{"line":11,"column":132},"end":{"line":11,"column":193}},"12":{"start":{"line":11,"column":149},"end":{"line":11,"column":193}},"13":{"start":{"line":11,"column":194},"end":{"line":11,"column":213}},"14":{"start":{"line":13,"column":27},"end":{"line":110,"column":3}},"15":{"start":{"line":15,"column":4},"end":{"line":15,"column":35}},"16":{"start":{"line":17,"column":4},"end":{"line":17,"column":19}},"17":{"start":{"line":18,"column":4},"end":{"line":18,"column":17}},"18":{"start":{"line":19,"column":4},"end":{"line":19,"column":21}},"19":{"start":{"line":20,"column":4},"end":{"line":20,"column":28}},"20":{"start":{"line":21,"column":4},"end":{"line":21,"column":28}},"21":{"start":{"line":22,"column":4},"end":{"line":22,"column":26}},"22":{"start":{"line":23,"column":4},"end":{"line":23,"column":22}},"23":{"start":{"line":25,"column":4},"end":{"line":25,"column":41}},"24":{"start":{"line":26,"column":4},"end":{"line":26,"column":53}},"25":{"start":{"line":29,"column":2},"end":{"line":107,"column":6}},"26":{"start":{"line":32,"column":20},"end":{"line":32,"column":89}},"27":{"start":{"line":34,"column":6},"end":{"line":43,"column":7}},"28":{"start":{"line":35,"column":20},"end":{"line":35,"column":106}},"29":{"start":{"line":36,"column":8},"end":{"line":36,"column":31}},"30":{"start":{"line":37,"column":8},"end":{"line":37,"column":24}},"31":{"start":{"line":38,"column":8},"end":{"line":38,"column":33}},"32":{"start":{"line":39,"column":8},"end":{"line":39,"column":37}},"33":{"start":{"line":40,"column":8},"end":{"line":40,"column":25}},"34":{"start":{"line":41,"column":8},"end":{"line":41,"column":34}},"35":{"start":{"line":42,"column":8},"end":{"line":42,"column":32}},"36":{"start":{"line":48,"column":6},"end":{"line":57,"column":7}},"37":{"start":{"line":49,"column":19},"end":{"line":49,"column":82}},"38":{"start":{"line":50,"column":8},"end":{"line":50,"column":65}},"39":{"start":{"line":52,"column":8},"end":{"line":56,"column":9}},"40":{"start":{"line":53,"column":10},"end":{"line":53,"column":48}},"41":{"start":{"line":54,"column":10},"end":{"line":54,"column":35}},"42":{"start":{"line":55,"column":10},"end":{"line":55,"column":14}},"43":{"start":{"line":62,"column":6},"end":{"line":62,"column":102}},"44":{"start":{"line":67,"column":6},"end":{"line":74,"column":7}},"45":{"start":{"line":68,"column":8},"end":{"line":70,"column":9}},"46":{"start":{"line":69,"column":10},"end":{"line":69,"column":47}},"47":{"start":{"line":73,"column":8},"end":{"line":73,"column":83}},"48":{"start":{"line":79,"column":17},"end":{"line":79,"column":46}},"49":{"start":{"line":81,"column":6},"end":{"line":89,"column":7}},"50":{"start":{"line":82,"column":8},"end":{"line":82,"column":38}},"51":{"start":{"line":83,"column":13},"end":{"line":89,"column":7}},"52":{"start":{"line":84,"column":8},"end":{"line":84,"column":38}},"53":{"start":{"line":85,"column":13},"end":{"line":89,"column":7}},"54":{"start":{"line":86,"column":8},"end":{"line":86,"column":38}},"55":{"start":{"line":88,"column":8},"end":{"line":88,"column":38}},"56":{"start":{"line":94,"column":6},"end":{"line":97,"column":7}},"57":{"start":{"line":95,"column":8},"end":{"line":95,"column":27}},"58":{"start":{"line":96,"column":8},"end":{"line":96,"column":35}},"59":{"start":{"line":102,"column":6},"end":{"line":105,"column":7}},"60":{"start":{"line":103,"column":8},"end":{"line":103,"column":26}},"61":{"start":{"line":104,"column":8},"end":{"line":104,"column":83}},"62":{"start":{"line":109,"column":2},"end":{"line":109,"column":17}}},"fnMap":{"0":{"name":"_classCallCheck","decl":{"start":{"line":7,"column":9},"end":{"line":7,"column":24}},"loc":{"start":{"line":7,"column":48},"end":{"line":7,"column":153}},"line":7},"1":{"name":"_defineProperties","decl":{"start":{"line":9,"column":9},"end":{"line":9,"column":26}},"loc":{"start":{"line":9,"column":42},"end":{"line":9,"column":317}},"line":9},"2":{"name":"_createClass","decl":{"start":{"line":11,"column":9},"end":{"line":11,"column":21}},"loc":{"start":{"line":11,"column":60},"end":{"line":11,"column":215}},"line":11},"3":{"name":"(anonymous_3)","decl":{"start":{"line":13,"column":27},"end":{"line":13,"column":28}},"loc":{"start":{"line":13,"column":39},"end":{"line":110,"column":1}},"line":13},"4":{"name":"Spawner","decl":{"start":{"line":14,"column":11},"end":{"line":14,"column":18}},"loc":{"start":{"line":14,"column":24},"end":{"line":27,"column":3}},"line":14},"5":{"name":"buildHouse","decl":{"start":{"line":31,"column":20},"end":{"line":31,"column":30}},"loc":{"start":{"line":31,"column":43},"end":{"line":44,"column":5}},"line":31},"6":{"name":"moveSprites","decl":{"start":{"line":47,"column":20},"end":{"line":47,"column":31}},"loc":{"start":{"line":47,"column":34},"end":{"line":58,"column":5}},"line":47},"7":{"name":"randomizeInterval","decl":{"start":{"line":61,"column":20},"end":{"line":61,"column":37}},"loc":{"start":{"line":61,"column":40},"end":{"line":63,"column":5}},"line":61},"8":{"name":"spawn","decl":{"start":{"line":66,"column":20},"end":{"line":66,"column":25}},"loc":{"start":{"line":66,"column":28},"end":{"line":75,"column":5}},"line":66},"9":{"name":"chooseSprite","decl":{"start":{"line":78,"column":20},"end":{"line":78,"column":32}},"loc":{"start":{"line":78,"column":35},"end":{"line":90,"column":5}},"line":78},"10":{"name":"loseFocus","decl":{"start":{"line":93,"column":20},"end":{"line":93,"column":29}},"loc":{"start":{"line":93,"column":32},"end":{"line":98,"column":5}},"line":93},"11":{"name":"gainFocus","decl":{"start":{"line":101,"column":20},"end":{"line":101,"column":29}},"loc":{"start":{"line":101,"column":32},"end":{"line":106,"column":5}},"line":101}},"branchMap":{"0":{"loc":{"start":{"line":7,"column":50},"end":{"line":7,"column":151}},"type":"if","locations":[{"start":{"line":7,"column":50},"end":{"line":7,"column":151}},{"start":{"line":7,"column":50},"end":{"line":7,"column":151}}],"line":7},"1":{"loc":{"start":{"line":9,"column":136},"end":{"line":9,"column":166}},"type":"binary-expr","locations":[{"start":{"line":9,"column":136},"end":{"line":9,"column":157}},{"start":{"line":9,"column":161},"end":{"line":9,"column":166}}],"line":9},"2":{"loc":{"start":{"line":9,"column":200},"end":{"line":9,"column":254}},"type":"if","locations":[{"start":{"line":9,"column":200},"end":{"line":9,"column":254}},{"start":{"line":9,"column":200},"end":{"line":9,"column":254}}],"line":9},"3":{"loc":{"start":{"line":11,"column":62},"end":{"line":11,"column":131}},"type":"if","locations":[{"start":{"line":11,"column":62},"end":{"line":11,"column":131}},{"start":{"line":11,"column":62},"end":{"line":11,"column":131}}],"line":11},"4":{"loc":{"start":{"line":11,"column":132},"end":{"line":11,"column":193}},"type":"if","locations":[{"start":{"line":11,"column":132},"end":{"line":11,"column":193}},{"start":{"line":11,"column":132},"end":{"line":11,"column":193}}],"line":11},"5":{"loc":{"start":{"line":34,"column":6},"end":{"line":43,"column":7}},"type":"if","locations":[{"start":{"line":34,"column":6},"end":{"line":43,"column":7}},{"start":{"line":34,"column":6},"end":{"line":43,"column":7}}],"line":34},"6":{"loc":{"start":{"line":52,"column":8},"end":{"line":56,"column":9}},"type":"if","locations":[{"start":{"line":52,"column":8},"end":{"line":56,"column":9}},{"start":{"line":52,"column":8},"end":{"line":56,"column":9}}],"line":52},"7":{"loc":{"start":{"line":67,"column":6},"end":{"line":74,"column":7}},"type":"if","locations":[{"start":{"line":67,"column":6},"end":{"line":74,"column":7}},{"start":{"line":67,"column":6},"end":{"line":74,"column":7}}],"line":67},"8":{"loc":{"start":{"line":68,"column":8},"end":{"line":70,"column":9}},"type":"if","locations":[{"start":{"line":68,"column":8},"end":{"line":70,"column":9}},{"start":{"line":68,"column":8},"end":{"line":70,"column":9}}],"line":68},"9":{"loc":{"start":{"line":68,"column":12},"end":{"line":68,"column":173}},"type":"binary-expr","locations":[{"start":{"line":68,"column":12},"end":{"line":68,"column":22}},{"start":{"line":68,"column":27},"end":{"line":68,"column":50}},{"start":{"line":68,"column":54},"end":{"line":68,"column":107}},{"start":{"line":68,"column":112},"end":{"line":68,"column":173}}],"line":68},"10":{"loc":{"start":{"line":81,"column":6},"end":{"line":89,"column":7}},"type":"if","locations":[{"start":{"line":81,"column":6},"end":{"line":89,"column":7}},{"start":{"line":81,"column":6},"end":{"line":89,"column":7}}],"line":81},"11":{"loc":{"start":{"line":83,"column":13},"end":{"line":89,"column":7}},"type":"if","locations":[{"start":{"line":83,"column":13},"end":{"line":89,"column":7}},{"start":{"line":83,"column":13},"end":{"line":89,"column":7}}],"line":83},"12":{"loc":{"start":{"line":85,"column":13},"end":{"line":89,"column":7}},"type":"if","locations":[{"start":{"line":85,"column":13},"end":{"line":89,"column":7}},{"start":{"line":85,"column":13},"end":{"line":89,"column":7}}],"line":85},"13":{"loc":{"start":{"line":94,"column":6},"end":{"line":97,"column":7}},"type":"if","locations":[{"start":{"line":94,"column":6},"end":{"line":97,"column":7}},{"start":{"line":94,"column":6},"end":{"line":97,"column":7}}],"line":94},"14":{"loc":{"start":{"line":102,"column":6},"end":{"line":105,"column":7}},"type":"if","locations":[{"start":{"line":102,"column":6},"end":{"line":105,"column":7}},{"start":{"line":102,"column":6},"end":{"line":105,"column":7}}],"line":102}},"s":{"0":6,"1":0,"2":1,"3":7,"4":7,"5":7,"6":7,"7":7,"8":7,"9":1,"10":1,"11":1,"12":0,"13":1,"14":1,"15":6,"16":6,"17":6,"18":6,"19":6,"20":6,"21":6,"22":6,"23":6,"24":6,"25":1,"26":16,"27":16,"28":13,"29":13,"30":13,"31":13,"32":13,"33":13,"34":13,"35":13,"36":1,"37":3,"38":3,"39":3,"40":0,"41":0,"42":0,"43":29,"44":28,"45":27,"46":0,"47":27,"48":57,"49":57,"50":9,"51":48,"52":12,"53":36,"54":19,"55":17,"56":2,"57":2,"58":2,"59":2,"60":2,"61":2,"62":1},"f":{"0":6,"1":1,"2":1,"3":1,"4":6,"5":16,"6":1,"7":29,"8":28,"9":57,"10":2,"11":2},"b":{"0":[0,6],"1":[7,7],"2":[7,0],"3":[1,0],"4":[0,1],"5":[13,3],"6":[0,3],"7":[27,1],"8":[0,27],"9":[27,21,12,19],"10":[9,48],"11":[12,36],"12":[19,17],"13":[2,0],"14":[2,0]},"inputSourceMap":{"version":3,"sources":["A:/windowHousesTests/js/houseGen.js"],"names":["Spawner","app","spawn","houses","intRangeMax","intRangeMin","gameOver","focus","buildHouse","chooseSprite","x","Math","random","WIDTH","spriteName","texture","loader","resources","houseSheet","spritesheet","textures","undefined","house","PIXI","Sprite","anchor","set","y","HEIGHT","scale","SCALE","zIndex","container","addChild","push","i","length","xBox","getBounds","width","speedScale","FPSSCALE","removeChild","splice","floor","performance","now","window","timeOffset","winTime","timeout","setTimeout","bind","randomizeInterval","rand","clearTimeout"],"mappings":";;;;;;;;;;;;IAAqBA,O;AACjB,mBAAYC,GAAZ,EAAiB;AAAA;;AACb,SAAKA,GAAL,GAAWA,GAAX;AACA,SAAKC,KAAL;AAEA,SAAKC,MAAL,GAAc,EAAd;AAEA,SAAKC,WAAL,GAAmB,IAAnB;AACA,SAAKC,WAAL,GAAmB,IAAnB;AAEA,SAAKC,QAAL,GAAgB,KAAhB;AACA,SAAKC,KAAL,GAAa,IAAb,CAVa,CAYb;;AACA,SAAKC,UAAL,CAAgB,KAAKC,YAAL,EAAhB;AACA,SAAKN,MAAL,CAAY,CAAZ,EAAeO,CAAf,GAAmBC,IAAI,CAACC,MAAL,KAAgB,CAAhB,GAAoBC,KAApB,GAA4B,CAA/C;AACH;;;;+BAEUC,U,EAAY;AACnB,UAAIC,OAAO,GAAG,KAAKd,GAAL,CAASe,MAAT,CAAgBC,SAAhB,CAA0BC,UAA1B,CAAqCC,WAArC,CAAiDC,QAAjD,CAA0DN,UAA1D,CAAd;;AAEA,UAAIC,OAAO,IAAIM,SAAf,EAA0B;AACtB,YAAIC,KAAK,GAAG,IAAIC,IAAI,CAACC,MAAT,CAAgB,KAAKvB,GAAL,CAASe,MAAT,CAAgBC,SAAhB,CAA0BC,UAA1B,CAAqCC,WAArC,CAAiDC,QAAjD,CAA0DN,UAA1D,CAAhB,CAAZ;AAEAQ,QAAAA,KAAK,CAACG,MAAN,CAAaC,GAAb,CAAiB,CAAjB,EAAoB,CAApB;AACAJ,QAAAA,KAAK,CAACZ,CAAN,GAAUG,KAAV;AACAS,QAAAA,KAAK,CAACK,CAAN,GAAU,IAAIC,MAAJ,GAAa,CAAvB;AACAN,QAAAA,KAAK,CAACO,KAAN,CAAYH,GAAZ,CAAgB,MAAMI,KAAtB;AACAR,QAAAA,KAAK,CAACS,MAAN,GAAe,CAAf;AAEAC,QAAAA,SAAS,CAACC,QAAV,CAAmBX,KAAnB;AACA,aAAKnB,MAAL,CAAY+B,IAAZ,CAAiBZ,KAAjB;AACH;AACJ;;;kCAEa;AACV,WAAK,IAAIa,CAAC,GAAG,CAAb,EAAgBA,CAAC,GAAG,KAAKhC,MAAL,CAAYiC,MAAhC,EAAwCD,CAAC,EAAzC,EAA6C;AACzC,YAAME,IAAI,GAAG,KAAKlC,MAAL,CAAYgC,CAAZ,EAAeG,SAAf,GAA2B5B,CAA3B,GAA+B,KAAKP,MAAL,CAAYgC,CAAZ,EAAeG,SAAf,GAA2BC,KAAvE;AACA,aAAKpC,MAAL,CAAYgC,CAAZ,EAAezB,CAAf,IAAoBoB,KAAK,GAAG,IAAR,GAAeU,UAAf,GAA4BC,QAAhD;;AAEA,YAAIJ,IAAI,IAAI,CAAZ,EAAe;AACXL,UAAAA,SAAS,CAACU,WAAV,CAAsB,KAAKvC,MAAL,CAAYgC,CAAZ,CAAtB;AACA,eAAKhC,MAAL,CAAYwC,MAAZ,CAAmBR,CAAnB,EAAsB,CAAtB;AACAA,UAAAA,CAAC;AACJ;AACJ;AACJ;;;wCAEmB;AAChB,aAAQxB,IAAI,CAACiC,KAAL,CAAWjC,IAAI,CAACC,MAAL,MAAiB,KAAKR,WAAL,GAAmB,KAAKC,WAAxB,GAAsC,CAAvD,CAAX,IAAwE,KAAKA,WAArF;AACH;;;4BAEO;AACJ,UAAI,CAAC,KAAKC,QAAV,EAAoB;AAChB,YAAI,KAAKC,KAAL,KAAe,KAAKJ,MAAL,CAAYiC,MAAZ,IAAsB,CAAtB,IAA2B,KAAKjC,MAAL,CAAY,KAAKA,MAAL,CAAYiC,MAAZ,GAAqB,CAAjC,EAAoC1B,CAApC,GAAwCG,KAAK,GAAG,CAAR,GAAY,CAA9F,KAAqGgC,WAAW,CAACC,GAAZ,KAAoBC,MAAM,CAACC,UAA5B,GAA0CD,MAAM,CAACE,OAAP,GAAiB,IAAnK,EAAyK;AACrK,eAAKzC,UAAL,CAAgB,KAAKC,YAAL,EAAhB;AACH,SAHe,CAKhB;;;AACA,aAAKyC,OAAL,GAAeC,UAAU,CAAC,KAAKjD,KAAL,CAAWkD,IAAX,CAAgB,IAAhB,CAAD,EAAwB,KAAKC,iBAAL,EAAxB,CAAzB;AACH;AACJ;;;mCAEc;AACX,UAAIC,IAAI,GAAG3C,IAAI,CAACiC,KAAL,CAAWjC,IAAI,CAACC,MAAL,KAAgB,CAA3B,CAAX;;AACA,UAAI0C,IAAI,IAAI,CAAZ,EAAe;AACX,eAAO,sBAAP;AACH,OAFD,MAEO,IAAIA,IAAI,IAAI,CAAZ,EAAe;AAClB,eAAO,sBAAP;AACH,OAFM,MAEA,IAAIA,IAAI,IAAI,CAAZ,EAAe;AAClB,eAAO,sBAAP;AACH,OAFM,MAGF;AACD,eAAO,sBAAP;AACH;AACJ;;;gCAEW;AACR,UAAI,KAAK/C,KAAT,EAAgB;AACZ,aAAKA,KAAL,GAAa,KAAb;AACAgD,QAAAA,YAAY,CAAC,KAAKL,OAAN,CAAZ;AACH;AACJ;;;gCAEW;AACR,UAAI,CAAC,KAAK3C,KAAV,EAAiB;AACb,aAAKA,KAAL,GAAa,IAAb;AACA,aAAK2C,OAAL,GAAeC,UAAU,CAAC,KAAKjD,KAAL,CAAWkD,IAAX,CAAgB,IAAhB,CAAD,EAAwB,KAAKC,iBAAL,EAAxB,CAAzB;AACH;AACJ;;;;;;SAzFgBrD,O","sourcesContent":["export default class Spawner {\r\n    constructor(app) {\r\n        this.app = app;\r\n        this.spawn();\r\n\r\n        this.houses = [];\r\n\r\n        this.intRangeMax = 4000;\r\n        this.intRangeMin = 1000;\r\n\r\n        this.gameOver = false;\r\n        this.focus = true;\r\n\r\n        //Spawn one house on screen \r\n        this.buildHouse(this.chooseSprite());\r\n        this.houses[0].x = Math.random() * 4 * WIDTH / 5;\r\n    }\r\n\r\n    buildHouse(spriteName) {\r\n        let texture = this.app.loader.resources.houseSheet.spritesheet.textures[spriteName];\r\n\r\n        if (texture != undefined) {\r\n            let house = new PIXI.Sprite(this.app.loader.resources.houseSheet.spritesheet.textures[spriteName]);\r\n\r\n            house.anchor.set(0, 1);\r\n            house.x = WIDTH;\r\n            house.y = 4 * HEIGHT / 5;\r\n            house.scale.set(1.9 * SCALE);\r\n            house.zIndex = 0;\r\n\r\n            container.addChild(house);\r\n            this.houses.push(house);\r\n        }\r\n    }\r\n\r\n    moveSprites() {\r\n        for (var i = 0; i < this.houses.length; i++) {\r\n            const xBox = this.houses[i].getBounds().x + this.houses[i].getBounds().width;\r\n            this.houses[i].x -= SCALE * 1.28 * speedScale * FPSSCALE;\r\n\r\n            if (xBox <= 0) {\r\n                container.removeChild(this.houses[i]);\r\n                this.houses.splice(i, 1);\r\n                i--;\r\n            }\r\n        }\r\n    }\r\n\r\n    randomizeInterval() {\r\n        return (Math.floor(Math.random() * (this.intRangeMax - this.intRangeMin + 1)) + this.intRangeMin);\r\n    }\r\n\r\n    spawn() {\r\n        if (!this.gameOver) {\r\n            if (this.focus && (this.houses.length == 0 || this.houses[this.houses.length - 1].x < WIDTH * 3 / 4) && (performance.now() - window.timeOffset) < window.winTime - 2200) {\r\n                this.buildHouse(this.chooseSprite());\r\n            }\r\n\r\n            //call the next spawn obstacle, with a delay of interval\r\n            this.timeout = setTimeout(this.spawn.bind(this), this.randomizeInterval());\r\n        }\r\n    }\r\n\r\n    chooseSprite() {\r\n        let rand = Math.floor(Math.random() * 4);\r\n        if (rand == 0) {\r\n            return \"backgroundHouse0.png\"\r\n        } else if (rand == 1) {\r\n            return \"backgroundHouse1.png\";\r\n        } else if (rand == 2) {\r\n            return \"backgroundHouse2.png\";\r\n        }\r\n        else {\r\n            return \"backgroundHouse3.png\";\r\n        }\r\n    }\r\n\r\n    loseFocus() {\r\n        if (this.focus) {\r\n            this.focus = false;\r\n            clearTimeout(this.timeout);\r\n        }\r\n    }\r\n\r\n    gainFocus() {\r\n        if (!this.focus) {\r\n            this.focus = true;\r\n            this.timeout = setTimeout(this.spawn.bind(this), this.randomizeInterval());\r\n        }\r\n    }\r\n}"]},"_coverageSchema":"332fd63041d2c1bcb487cc26dd0d5f7d97098a6c","hash":"a3c449320a2d3a412983b6ee4bfb71c43ae919f1"}}